<?xml version="1.0" encoding="UTF-8"?>
<!-- Generated by org.testng.reporters.JUnitReportReporter -->
<testsuite hostname="S" failures="0" tests="3" name="script.Demo2" time="14.512" errors="0" timestamp="2022-05-10T08:37:15 IST" skipped="0">
  <testcase classname="script.Demo2" name="test2" time="4.504"/>
  <system-out>
    <![CDATA[Facebook – log in or sign up
A1
B1]]>
  </system-out>
  <testcase classname="script.Demo2" name="test2" time="5.058"/>
  <system-out>
    <![CDATA[Facebook – log in or sign up
A3
B3]]>
  </system-out>
  <testcase classname="script.Demo2" name="test2" time="4.950"/>
  <system-out>
    <![CDATA[Facebook – log in or sign up
A2
B2]]>
  </system-out>
</testsuite> <!-- script.Demo2 -->
