<?xml version="1.0" encoding="UTF-8"?>
<!-- Generated by org.testng.reporters.JUnitReportReporter -->
<testsuite hostname="S" failures="0" tests="1" name="script.Demo4" time="0.743" errors="0" timestamp="2022-05-10T08:37:15 IST" skipped="0">
  <testcase classname="script.Demo4" name="test_report" time="0.743"/>
  <system-out/>
</testsuite> <!-- script.Demo4 -->
