<?xml version="1.0" encoding="UTF-8"?>
<!-- Generated by org.testng.reporters.JUnitReportReporter -->
<testsuite hostname="S" failures="0" tests="1" name="script.ValidLogin" time="32.507" errors="0" timestamp="2022-05-12T09:14:39 IST" skipped="0">
  <testcase classname="script.ValidLogin" name="testValidLogin" time="32.507"/>
  <system-out/>
</testsuite> <!-- script.ValidLogin -->
