<?xml version="1.0" encoding="UTF-8"?>
<!-- Generated by org.testng.reporters.JUnitReportReporter -->
<testsuite hostname="S" failures="0" tests="1" name="script.Demo1" time="9.809" errors="0" timestamp="2022-05-10T08:37:15 IST" skipped="0">
  <testcase classname="script.Demo1" name="test1" time="9.809"/>
  <system-out>
    <![CDATA[Facebook â€“ log in or sign up
admin
manager
bhanu
abcd
akshara
xyz]]>
  </system-out>
</testsuite> <!-- script.Demo1 -->
