<?xml version="1.0" encoding="UTF-8"?>
<!-- Generated by org.testng.reporters.JUnitReportReporter -->
<testsuite hostname="S" failures="0" tests="1" name="script.InvalidLogin" time="28.219" errors="0" timestamp="2022-05-13T07:53:05 IST" skipped="0">
  <testcase classname="script.InvalidLogin" name="testInvalidLogin" time="28.219"/>
  <system-out/>
</testsuite> <!-- script.InvalidLogin -->
